<?xml version="1.0" encoding="UTF-8"?>
<testsuite name="com.adrian.osmdroidlocmessenger.servermanagement.ClientThreadTest" tests="4" skipped="0" failures="0" errors="0" timestamp="2021-01-06T16:38:37" hostname="DESKTOP-PC" time="0.6">
  <properties/>
  <testcase name="updateMessageTest()" classname="com.adrian.osmdroidlocmessenger.servermanagement.ClientThreadTest" time="0.575"/>
  <testcase name="addMessageTest()" classname="com.adrian.osmdroidlocmessenger.servermanagement.ClientThreadTest" time="0.005"/>
  <testcase name="getMessagesTest()" classname="com.adrian.osmdroidlocmessenger.servermanagement.ClientThreadTest" time="0.012"/>
  <testcase name="inCaseOfExceptionTest()" classname="com.adrian.osmdroidlocmessenger.servermanagement.ClientThreadTest" time="0.006"/>
  <system-out><![CDATA[]]></system-out>
  <system-err><![CDATA[]]></system-err>
</testsuite>
